2017-11-13 12:18:22,791 root INFO Start training
2017-11-13 12:18:23,779 root INFO Creating Summary for: conv1_1/filter
2017-11-13 12:18:23,800 root INFO Creating Summary for: conv1_1/biases
2017-11-13 12:18:23,823 root INFO Creating Summary for: conv1_2/filter
2017-11-13 12:18:23,840 root INFO Creating Summary for: conv1_2/biases
2017-11-13 12:18:23,865 root INFO Creating Summary for: conv2_1/filter
2017-11-13 12:18:23,882 root INFO Creating Summary for: conv2_1/biases
2017-11-13 12:18:23,908 root INFO Creating Summary for: conv2_2/filter
2017-11-13 12:18:23,926 root INFO Creating Summary for: conv2_2/biases
2017-11-13 12:18:23,952 root INFO Creating Summary for: conv3_1/filter
2017-11-13 12:18:23,969 root INFO Creating Summary for: conv3_1/biases
2017-11-13 12:18:23,999 root INFO Creating Summary for: conv3_2/filter
2017-11-13 12:18:24,018 root INFO Creating Summary for: conv3_2/biases
2017-11-13 12:18:24,055 root INFO Creating Summary for: conv3_3/filter
2017-11-13 12:18:24,074 root INFO Creating Summary for: conv3_3/biases
2017-11-13 12:18:24,127 root INFO Creating Summary for: conv4_1/filter
2017-11-13 12:18:24,146 root INFO Creating Summary for: conv4_1/biases
2017-11-13 12:18:24,191 root INFO Creating Summary for: conv4_2/filter
2017-11-13 12:18:24,210 root INFO Creating Summary for: conv4_2/biases
2017-11-13 12:18:24,255 root INFO Creating Summary for: conv4_3/filter
2017-11-13 12:18:24,274 root INFO Creating Summary for: conv4_3/biases
2017-11-13 12:18:24,312 root INFO Creating Summary for: conv5_1/filter
2017-11-13 12:18:24,332 root INFO Creating Summary for: conv5_1/biases
2017-11-13 12:18:24,367 root INFO Creating Summary for: conv5_2/filter
2017-11-13 12:18:24,386 root INFO Creating Summary for: conv5_2/biases
2017-11-13 12:18:24,418 root INFO Creating Summary for: conv5_3/filter
2017-11-13 12:18:24,435 root INFO Creating Summary for: conv5_3/biases
2017-11-13 12:18:25,041 root INFO Creating Summary for: fc6/weights
2017-11-13 12:18:25,120 root INFO Creating Summary for: fc6/biases
2017-11-13 12:18:25,237 root INFO Creating Summary for: fc7/weights
2017-11-13 12:18:25,254 root INFO Creating Summary for: fc7/biases
2017-11-13 12:18:25,285 root INFO Creating Summary for: score_fr/weights
2017-11-13 12:18:25,304 root INFO Creating Summary for: score_fr/biases
2017-11-13 12:18:25,373 tensorflow WARNING From incl/tensorflow_fcn/fcn8_vgg.py:114: calling argmax (from tensorflow.python.ops.math_ops) with dimension is deprecated and will be removed in a future version.
Instructions for updating:
Use the `axis` argument instead
2017-11-13 12:18:25,389 root INFO Creating Summary for: upscore2/up_filter
2017-11-13 12:18:25,418 root INFO Creating Summary for: score_pool4/weights
2017-11-13 12:18:25,436 root INFO Creating Summary for: score_pool4/biases
2017-11-13 12:18:25,469 root INFO Creating Summary for: upscore4/up_filter
2017-11-13 12:18:25,496 root INFO Creating Summary for: score_pool3/weights
2017-11-13 12:18:25,516 root INFO Creating Summary for: score_pool3/biases
2017-11-13 12:18:25,552 root INFO Creating Summary for: upscore32/up_filter
2017-11-13 12:18:40,756 root INFO Step 0/12000: loss = 1.28; lr = 1.00e-05; 0.107 sec (per Batch); 9.4 imgs/sec
2017-11-13 12:18:42,807 root INFO       (raw)  Acc. : 0.59, xentropy: 0.84, weight_loss: 0.38
2017-11-13 12:18:42,808 root INFO    (smooth)  Acc. : 0.59, xentropy: 0.84, weight_loss: 0.38
2017-11-13 12:28:37,375 root INFO Step 100/12000: loss = 0.38; lr = 1.00e-05; 11.891 sec (per Batch); 0.1 imgs/sec
2017-11-13 12:28:39,093 root INFO       (raw)  Acc. : 1.00, xentropy: 0.02, weight_loss: 0.38
2017-11-13 12:28:39,093 root INFO    (smooth)  Acc. : 0.61, xentropy: 0.80, weight_loss: 0.38
2017-11-13 12:38:25,717 root INFO Step 200/12000: loss = 0.37; lr = 1.00e-05; 11.732 sec (per Batch); 0.1 imgs/sec
2017-11-13 12:38:27,516 root INFO       (raw)  Acc. : 1.00, xentropy: 0.00, weight_loss: 0.37
2017-11-13 12:38:27,516 root INFO    (smooth)  Acc. : 0.63, xentropy: 0.76, weight_loss: 0.38
2017-11-13 12:48:14,087 root INFO Step 300/12000: loss = 0.37; lr = 1.00e-05; 11.731 sec (per Batch); 0.1 imgs/sec
2017-11-13 12:48:16,075 root INFO       (raw)  Acc. : 0.99, xentropy: 0.02, weight_loss: 0.37
2017-11-13 12:48:16,076 root INFO    (smooth)  Acc. : 0.64, xentropy: 0.72, weight_loss: 0.38
2017-11-13 12:58:06,662 root INFO Step 400/12000: loss = 0.36; lr = 1.00e-05; 11.812 sec (per Batch); 0.1 imgs/sec
2017-11-13 12:58:08,544 root INFO       (raw)  Acc. : 1.00, xentropy: 0.00, weight_loss: 0.36
2017-11-13 12:58:08,545 root INFO    (smooth)  Acc. : 0.66, xentropy: 0.68, weight_loss: 0.38
2017-11-13 13:07:56,905 root INFO Step 500/12000: loss = 0.35; lr = 1.00e-05; 11.767 sec (per Batch); 0.1 imgs/sec
2017-11-13 13:07:58,845 root INFO       (raw)  Acc. : 1.00, xentropy: 0.00, weight_loss: 0.35
2017-11-13 13:07:58,846 root INFO    (smooth)  Acc. : 0.68, xentropy: 0.65, weight_loss: 0.38
2017-11-13 13:17:51,653 root INFO Step 600/12000: loss = 0.35; lr = 1.00e-05; 11.856 sec (per Batch); 0.1 imgs/sec
2017-11-13 13:17:53,363 root INFO       (raw)  Acc. : 1.00, xentropy: 0.00, weight_loss: 0.34
2017-11-13 13:17:53,364 root INFO    (smooth)  Acc. : 0.69, xentropy: 0.62, weight_loss: 0.37
2017-11-13 13:27:49,412 root INFO Step 700/12000: loss = 0.34; lr = 1.00e-05; 11.921 sec (per Batch); 0.1 imgs/sec
2017-11-13 13:27:51,427 root INFO       (raw)  Acc. : 1.00, xentropy: 0.00, weight_loss: 0.34
2017-11-13 13:27:51,427 root INFO    (smooth)  Acc. : 0.71, xentropy: 0.59, weight_loss: 0.37
2017-11-13 13:37:38,369 root INFO Step 800/12000: loss = 0.72; lr = 1.00e-05; 11.739 sec (per Batch); 0.1 imgs/sec
2017-11-13 13:37:40,346 root INFO       (raw)  Acc. : 0.96, xentropy: 0.13, weight_loss: 0.33
2017-11-13 13:37:40,347 root INFO    (smooth)  Acc. : 0.72, xentropy: 0.56, weight_loss: 0.37
2017-11-13 13:47:35,218 root INFO Step 900/12000: loss = 0.57; lr = 1.00e-05; 11.897 sec (per Batch); 0.1 imgs/sec
2017-11-13 13:47:36,890 root INFO       (raw)  Acc. : 0.86, xentropy: 0.32, weight_loss: 0.33
2017-11-13 13:47:36,890 root INFO    (smooth)  Acc. : 0.73, xentropy: 0.55, weight_loss: 0.37
2017-11-13 13:57:23,926 root INFO Step 1000/12000: loss = 2.19; lr = 1.00e-05; 11.741 sec (per Batch); 0.1 imgs/sec
2017-11-13 13:57:25,722 root INFO       (raw)  Acc. : 0.60, xentropy: 2.30, weight_loss: 0.32
2017-11-13 13:57:25,722 root INFO    (smooth)  Acc. : 0.72, xentropy: 0.64, weight_loss: 0.37
2017-11-13 14:07:12,098 root INFO Step 1100/12000: loss = 0.31; lr = 1.00e-05; 11.728 sec (per Batch); 0.1 imgs/sec
2017-11-13 14:07:13,844 root INFO       (raw)  Acc. : 0.88, xentropy: 0.35, weight_loss: 0.31
2017-11-13 14:07:13,844 root INFO    (smooth)  Acc. : 0.73, xentropy: 0.62, weight_loss: 0.36
2017-11-13 14:17:02,945 root INFO Step 1200/12000: loss = 0.30; lr = 1.00e-05; 11.782 sec (per Batch); 0.1 imgs/sec
2017-11-13 14:17:04,787 root INFO       (raw)  Acc. : 1.00, xentropy: 0.00, weight_loss: 0.30
2017-11-13 14:17:04,787 root INFO    (smooth)  Acc. : 0.74, xentropy: 0.59, weight_loss: 0.36
2017-11-13 14:26:53,228 root INFO Step 1300/12000: loss = 1.01; lr = 1.00e-05; 11.769 sec (per Batch); 0.1 imgs/sec
2017-11-13 14:26:55,109 root INFO       (raw)  Acc. : 1.00, xentropy: 0.00, weight_loss: 0.30
2017-11-13 14:26:55,109 root INFO    (smooth)  Acc. : 0.76, xentropy: 0.56, weight_loss: 0.36
2017-11-13 14:36:47,144 root INFO Step 1400/12000: loss = 0.34; lr = 1.00e-05; 11.841 sec (per Batch); 0.1 imgs/sec
2017-11-13 14:36:48,817 root INFO       (raw)  Acc. : 1.00, xentropy: 0.00, weight_loss: 0.29
2017-11-13 14:36:48,817 root INFO    (smooth)  Acc. : 0.77, xentropy: 0.53, weight_loss: 0.35
2017-11-13 14:46:34,649 root INFO Step 1500/12000: loss = 0.42; lr = 1.00e-05; 11.717 sec (per Batch); 0.1 imgs/sec
2017-11-13 14:46:36,614 root INFO       (raw)  Acc. : 1.00, xentropy: 0.00, weight_loss: 0.28
2017-11-13 14:46:36,615 root INFO    (smooth)  Acc. : 0.78, xentropy: 0.51, weight_loss: 0.35
2017-11-13 14:56:28,367 root INFO Step 1600/12000: loss = 0.28; lr = 1.00e-05; 11.835 sec (per Batch); 0.1 imgs/sec
2017-11-13 14:56:30,098 root INFO       (raw)  Acc. : 1.00, xentropy: 0.00, weight_loss: 0.28
2017-11-13 14:56:30,098 root INFO    (smooth)  Acc. : 0.79, xentropy: 0.48, weight_loss: 0.35
2017-11-13 15:06:16,750 root INFO Step 1700/12000: loss = 0.27; lr = 1.00e-05; 11.733 sec (per Batch); 0.1 imgs/sec
2017-11-13 15:06:18,541 root INFO       (raw)  Acc. : 1.00, xentropy: 0.00, weight_loss: 0.27
2017-11-13 15:06:18,542 root INFO    (smooth)  Acc. : 0.80, xentropy: 0.46, weight_loss: 0.34
2017-11-13 15:16:09,685 root INFO Step 1800/12000: loss = 0.26; lr = 1.00e-05; 11.823 sec (per Batch); 0.1 imgs/sec
2017-11-13 15:16:11,363 root INFO       (raw)  Acc. : 1.00, xentropy: 0.00, weight_loss: 0.26
2017-11-13 15:16:11,363 root INFO    (smooth)  Acc. : 0.81, xentropy: 0.44, weight_loss: 0.34
2017-11-13 15:26:05,066 root INFO Step 1900/12000: loss = 0.83; lr = 1.00e-05; 11.874 sec (per Batch); 0.1 imgs/sec
2017-11-13 15:26:06,904 root INFO       (raw)  Acc. : 0.70, xentropy: 0.98, weight_loss: 0.26
2017-11-13 15:26:06,905 root INFO    (smooth)  Acc. : 0.81, xentropy: 0.46, weight_loss: 0.33
2017-11-13 15:35:52,942 root INFO Step 2000/12000: loss = 0.25; lr = 1.00e-05; 11.721 sec (per Batch); 0.1 imgs/sec
2017-11-13 15:35:54,737 root INFO       (raw)  Acc. : 1.00, xentropy: 0.00, weight_loss: 0.25
2017-11-13 15:35:54,737 root INFO    (smooth)  Acc. : 0.82, xentropy: 0.44, weight_loss: 0.33
2017-11-13 15:45:43,259 root INFO Step 2100/12000: loss = 0.25; lr = 1.00e-05; 11.770 sec (per Batch); 0.1 imgs/sec
2017-11-13 15:45:45,290 root INFO       (raw)  Acc. : 0.99, xentropy: 0.06, weight_loss: 0.25
2017-11-13 15:45:45,291 root INFO    (smooth)  Acc. : 0.82, xentropy: 0.42, weight_loss: 0.33
2017-11-13 15:55:39,130 root INFO Step 2200/12000: loss = 0.34; lr = 1.00e-05; 11.877 sec (per Batch); 0.1 imgs/sec
2017-11-13 15:55:41,060 root INFO       (raw)  Acc. : 0.96, xentropy: 0.10, weight_loss: 0.24
2017-11-13 15:55:41,060 root INFO    (smooth)  Acc. : 0.83, xentropy: 0.40, weight_loss: 0.32
2017-11-13 16:05:32,173 root INFO Step 2300/12000: loss = 0.24; lr = 1.00e-05; 11.822 sec (per Batch); 0.1 imgs/sec
2017-11-13 16:05:33,890 root INFO       (raw)  Acc. : 1.00, xentropy: 0.00, weight_loss: 0.24
2017-11-13 16:05:33,890 root INFO    (smooth)  Acc. : 0.84, xentropy: 0.38, weight_loss: 0.32
2017-11-13 16:15:27,479 root INFO Step 2400/12000: loss = 0.32; lr = 1.00e-05; 11.872 sec (per Batch); 0.1 imgs/sec
2017-11-13 16:15:29,455 root INFO       (raw)  Acc. : 0.98, xentropy: 0.07, weight_loss: 0.23
2017-11-13 16:15:29,456 root INFO    (smooth)  Acc. : 0.85, xentropy: 0.37, weight_loss: 0.31
2017-11-13 16:25:25,417 root INFO Step 2500/12000: loss = 0.23; lr = 1.00e-05; 11.919 sec (per Batch); 0.1 imgs/sec
2017-11-13 16:25:27,284 root INFO       (raw)  Acc. : 1.00, xentropy: 0.00, weight_loss: 0.23
2017-11-13 16:25:27,284 root INFO    (smooth)  Acc. : 0.85, xentropy: 0.35, weight_loss: 0.31
2017-11-13 16:35:20,175 root INFO Step 2600/12000: loss = 0.44; lr = 1.00e-05; 11.858 sec (per Batch); 0.1 imgs/sec
2017-11-13 16:35:21,957 root INFO       (raw)  Acc. : 0.92, xentropy: 0.20, weight_loss: 0.22
2017-11-13 16:35:21,957 root INFO    (smooth)  Acc. : 0.86, xentropy: 0.34, weight_loss: 0.30
2017-11-13 16:45:18,983 root INFO Step 2700/12000: loss = 0.37; lr = 1.00e-05; 11.941 sec (per Batch); 0.1 imgs/sec
2017-11-13 16:45:20,742 root INFO       (raw)  Acc. : 1.00, xentropy: 0.00, weight_loss: 0.22
2017-11-13 16:45:20,742 root INFO    (smooth)  Acc. : 0.86, xentropy: 0.33, weight_loss: 0.30
2017-11-13 16:55:16,851 root INFO Step 2800/12000: loss = 0.21; lr = 1.00e-05; 11.922 sec (per Batch); 0.1 imgs/sec
2017-11-13 16:55:18,878 root INFO       (raw)  Acc. : 1.00, xentropy: 0.00, weight_loss: 0.21
2017-11-13 16:55:18,879 root INFO    (smooth)  Acc. : 0.87, xentropy: 0.31, weight_loss: 0.30
2017-11-13 17:05:10,341 root INFO Step 2900/12000: loss = 0.21; lr = 1.00e-05; 11.829 sec (per Batch); 0.1 imgs/sec
2017-11-13 17:05:12,307 root INFO       (raw)  Acc. : 0.97, xentropy: 0.08, weight_loss: 0.21
2017-11-13 17:05:12,307 root INFO    (smooth)  Acc. : 0.88, xentropy: 0.30, weight_loss: 0.29
2017-11-13 17:15:06,508 root INFO Step 3000/12000: loss = 0.20; lr = 1.00e-05; 11.884 sec (per Batch); 0.1 imgs/sec
2017-11-13 17:15:08,410 root INFO       (raw)  Acc. : 1.00, xentropy: 0.00, weight_loss: 0.20
2017-11-13 17:15:08,410 root INFO    (smooth)  Acc. : 0.88, xentropy: 0.28, weight_loss: 0.29
2017-11-13 17:24:59,371 root INFO Step 3100/12000: loss = 0.20; lr = 1.00e-05; 11.819 sec (per Batch); 0.1 imgs/sec
2017-11-13 17:25:01,135 root INFO       (raw)  Acc. : 1.00, xentropy: 0.00, weight_loss: 0.20
2017-11-13 17:25:01,136 root INFO    (smooth)  Acc. : 0.89, xentropy: 0.27, weight_loss: 0.28
2017-11-13 17:34:54,504 root INFO Step 3200/12000: loss = 0.29; lr = 1.00e-05; 11.867 sec (per Batch); 0.1 imgs/sec
2017-11-13 17:34:56,570 root INFO       (raw)  Acc. : 0.97, xentropy: 0.08, weight_loss: 0.19
2017-11-13 17:34:56,571 root INFO    (smooth)  Acc. : 0.89, xentropy: 0.26, weight_loss: 0.28
2017-11-13 17:44:46,015 root INFO Step 3300/12000: loss = 0.19; lr = 1.00e-05; 11.789 sec (per Batch); 0.1 imgs/sec
2017-11-13 17:44:47,797 root INFO       (raw)  Acc. : 1.00, xentropy: 0.00, weight_loss: 0.19
2017-11-13 17:44:47,797 root INFO    (smooth)  Acc. : 0.90, xentropy: 0.25, weight_loss: 0.27
2017-11-13 17:54:39,567 root INFO Step 3400/12000: loss = 0.19; lr = 1.00e-05; 11.835 sec (per Batch); 0.1 imgs/sec
2017-11-13 17:54:41,430 root INFO       (raw)  Acc. : 1.00, xentropy: 0.00, weight_loss: 0.19
2017-11-13 17:54:41,431 root INFO    (smooth)  Acc. : 0.90, xentropy: 0.23, weight_loss: 0.27
2017-11-13 18:04:36,218 root INFO Step 3500/12000: loss = 0.18; lr = 1.00e-05; 11.896 sec (per Batch); 0.1 imgs/sec
2017-11-13 18:04:38,184 root INFO       (raw)  Acc. : 0.90, xentropy: 0.22, weight_loss: 0.18
2017-11-13 18:04:38,184 root INFO    (smooth)  Acc. : 0.90, xentropy: 0.23, weight_loss: 0.26
2017-11-13 18:14:36,034 root INFO Step 3600/12000: loss = 0.18; lr = 1.00e-05; 11.957 sec (per Batch); 0.1 imgs/sec
2017-11-13 18:14:37,928 root INFO       (raw)  Acc. : 1.00, xentropy: 0.00, weight_loss: 0.18
2017-11-13 18:14:37,928 root INFO    (smooth)  Acc. : 0.91, xentropy: 0.22, weight_loss: 0.26
2017-11-13 18:24:34,657 root INFO Step 3700/12000: loss = 0.29; lr = 1.00e-05; 11.935 sec (per Batch); 0.1 imgs/sec
2017-11-13 18:24:36,545 root INFO       (raw)  Acc. : 1.00, xentropy: 0.00, weight_loss: 0.18
2017-11-13 18:24:36,546 root INFO    (smooth)  Acc. : 0.91, xentropy: 0.21, weight_loss: 0.26
2017-11-13 18:34:24,886 root INFO Step 3800/12000: loss = 0.30; lr = 1.00e-05; 11.767 sec (per Batch); 0.1 imgs/sec
2017-11-13 18:34:26,702 root INFO       (raw)  Acc. : 0.95, xentropy: 0.15, weight_loss: 0.17
2017-11-13 18:34:26,702 root INFO    (smooth)  Acc. : 0.91, xentropy: 0.21, weight_loss: 0.25
2017-11-13 18:44:18,442 root INFO Step 3900/12000: loss = 0.24; lr = 1.00e-05; 11.835 sec (per Batch); 0.1 imgs/sec
2017-11-13 18:44:20,425 root INFO       (raw)  Acc. : 0.95, xentropy: 0.11, weight_loss: 0.17
2017-11-13 18:44:20,425 root INFO    (smooth)  Acc. : 0.92, xentropy: 0.20, weight_loss: 0.25
2017-11-13 18:54:11,865 root INFO Step 4000/12000: loss = 0.17; lr = 1.00e-05; 11.829 sec (per Batch); 0.1 imgs/sec
2017-11-13 18:54:13,819 root INFO       (raw)  Acc. : 1.00, xentropy: 0.00, weight_loss: 0.17
2017-11-13 18:54:13,820 root INFO    (smooth)  Acc. : 0.92, xentropy: 0.19, weight_loss: 0.24
2017-11-13 18:54:20,793 root INFO Running Evaluation Script.
2017-11-13 19:28:21,410 root INFO Evaluation Finished. All results will be saved to:
2017-11-13 19:28:21,410 root INFO /home/green/AllRialtoSeg/hypes/../RUNS/KittiSeg_2017_11_13_12.18
2017-11-13 19:28:21,437 root INFO Raw Results:
2017-11-13 19:28:21,437 root INFO     [train] MaxF1 (raw)    :  92.1322 
2017-11-13 19:28:21,437 root INFO     [train] BestThresh (raw)    :  18.8235 
2017-11-13 19:28:21,437 root INFO     [train] Average Precision (raw)    :  90.0154 
2017-11-13 19:28:21,438 root INFO     [val] MaxF1 (raw)    :  95.8931 
2017-11-13 19:28:21,438 root INFO     [val] BestThresh (raw)    :  4.3137 
2017-11-13 19:28:21,438 root INFO     [val] Average Precision (raw)    :  93.2481 
2017-11-13 19:28:21,438 root INFO     Speed (msec) (raw)    :  2006.3391 
2017-11-13 19:28:21,438 root INFO     Speed (fps) (raw)    :  0.4984 
2017-11-13 19:28:21,438 root INFO Smooth Results:
2017-11-13 19:28:21,440 root INFO     [train] MaxF1 (smooth) :  92.1322 
2017-11-13 19:28:21,440 root INFO     [train] BestThresh (smooth) :  18.8235 
2017-11-13 19:28:21,440 root INFO     [train] Average Precision (smooth) :  90.0154 
2017-11-13 19:28:21,440 root INFO     [val] MaxF1 (smooth) :  95.8931 
2017-11-13 19:28:21,440 root INFO     [val] BestThresh (smooth) :  4.3137 
2017-11-13 19:28:21,441 root INFO     [val] Average Precision (smooth) :  93.2481 
2017-11-13 19:28:21,441 root INFO     Speed (msec) (smooth) :  2006.3391 
2017-11-13 19:28:21,441 root INFO     Speed (fps) (smooth) :  0.4984 
2017-11-13 19:38:18,071 root INFO Step 4100/12000: loss = 0.16; lr = 1.00e-05; 11.824 sec (per Batch); 0.1 imgs/sec
2017-11-13 19:38:19,802 root INFO       (raw)  Acc. : 1.00, xentropy: 0.00, weight_loss: 0.16
2017-11-13 19:38:19,802 root INFO    (smooth)  Acc. : 0.92, xentropy: 0.18, weight_loss: 0.24
2017-11-13 19:48:17,703 root INFO Step 4200/12000: loss = 0.16; lr = 1.00e-05; 11.958 sec (per Batch); 0.1 imgs/sec
2017-11-13 19:48:19,710 root INFO       (raw)  Acc. : 0.86, xentropy: 0.33, weight_loss: 0.16
2017-11-13 19:48:19,710 root INFO    (smooth)  Acc. : 0.92, xentropy: 0.19, weight_loss: 0.24
