2017-11-07 11:07:37,533 root INFO Start training
2017-11-07 11:07:38,672 root INFO Creating Summary for: conv1_1/filter
2017-11-07 11:07:38,691 root INFO Creating Summary for: conv1_1/biases
2017-11-07 11:07:38,713 root INFO Creating Summary for: conv1_2/filter
2017-11-07 11:07:38,729 root INFO Creating Summary for: conv1_2/biases
2017-11-07 11:07:38,752 root INFO Creating Summary for: conv2_1/filter
2017-11-07 11:07:38,768 root INFO Creating Summary for: conv2_1/biases
2017-11-07 11:07:38,793 root INFO Creating Summary for: conv2_2/filter
2017-11-07 11:07:38,813 root INFO Creating Summary for: conv2_2/biases
2017-11-07 11:07:38,845 root INFO Creating Summary for: conv3_1/filter
2017-11-07 11:07:38,861 root INFO Creating Summary for: conv3_1/biases
2017-11-07 11:07:38,887 root INFO Creating Summary for: conv3_2/filter
2017-11-07 11:07:38,904 root INFO Creating Summary for: conv3_2/biases
2017-11-07 11:07:38,929 root INFO Creating Summary for: conv3_3/filter
2017-11-07 11:07:38,945 root INFO Creating Summary for: conv3_3/biases
2017-11-07 11:07:38,974 root INFO Creating Summary for: conv4_1/filter
2017-11-07 11:07:38,990 root INFO Creating Summary for: conv4_1/biases
2017-11-07 11:07:39,026 root INFO Creating Summary for: conv4_2/filter
2017-11-07 11:07:39,042 root INFO Creating Summary for: conv4_2/biases
2017-11-07 11:07:39,078 root INFO Creating Summary for: conv4_3/filter
2017-11-07 11:07:39,093 root INFO Creating Summary for: conv4_3/biases
2017-11-07 11:07:39,124 root INFO Creating Summary for: conv5_1/filter
2017-11-07 11:07:39,141 root INFO Creating Summary for: conv5_1/biases
2017-11-07 11:07:39,171 root INFO Creating Summary for: conv5_2/filter
2017-11-07 11:07:39,186 root INFO Creating Summary for: conv5_2/biases
2017-11-07 11:07:39,217 root INFO Creating Summary for: conv5_3/filter
2017-11-07 11:07:39,233 root INFO Creating Summary for: conv5_3/biases
2017-11-07 11:07:40,309 root INFO Creating Summary for: fc6/weights
2017-11-07 11:07:40,377 root INFO Creating Summary for: fc6/biases
2017-11-07 11:07:40,493 root INFO Creating Summary for: fc7/weights
2017-11-07 11:07:40,509 root INFO Creating Summary for: fc7/biases
2017-11-07 11:07:40,536 root INFO Creating Summary for: score_fr/weights
2017-11-07 11:07:40,552 root INFO Creating Summary for: score_fr/biases
2017-11-07 11:07:40,619 tensorflow WARNING From incl/tensorflow_fcn/fcn8_vgg.py:114: calling argmax (from tensorflow.python.ops.math_ops) with dimension is deprecated and will be removed in a future version.
Instructions for updating:
Use the `axis` argument instead
2017-11-07 11:07:40,632 root INFO Creating Summary for: upscore2/up_filter
2017-11-07 11:07:40,655 root INFO Creating Summary for: score_pool4/weights
2017-11-07 11:07:40,670 root INFO Creating Summary for: score_pool4/biases
2017-11-07 11:07:40,699 root INFO Creating Summary for: upscore4/up_filter
2017-11-07 11:07:40,723 root INFO Creating Summary for: score_pool3/weights
2017-11-07 11:07:40,739 root INFO Creating Summary for: score_pool3/biases
2017-11-07 11:07:40,768 root INFO Creating Summary for: upscore32/up_filter
2017-11-07 11:07:59,624 root INFO Step 0/12000: loss = 2.20; lr = 1.00e-05; 0.154 sec (per Batch); 6.5 imgs/sec
2017-11-07 11:08:02,043 root INFO       (raw)  Acc. : 0.29, xentropy: 1.85, weight_loss: 0.38
2017-11-07 11:08:02,043 root INFO    (smooth)  Acc. : 0.29, xentropy: 1.85, weight_loss: 0.38
2017-11-07 11:22:32,129 root INFO Step 100/12000: loss = 0.38; lr = 1.00e-05; 17.402 sec (per Batch); 0.1 imgs/sec
2017-11-07 11:22:34,809 root INFO       (raw)  Acc. : 0.77, xentropy: 2.09, weight_loss: 0.38
2017-11-07 11:22:34,810 root INFO    (smooth)  Acc. : 0.31, xentropy: 1.87, weight_loss: 0.38
2017-11-07 11:36:43,666 root INFO Step 200/12000: loss = 1.23; lr = 1.00e-05; 16.977 sec (per Batch); 0.1 imgs/sec
2017-11-07 11:36:46,251 root INFO       (raw)  Acc. : 0.68, xentropy: 1.06, weight_loss: 0.37
2017-11-07 11:36:46,251 root INFO    (smooth)  Acc. : 0.33, xentropy: 1.83, weight_loss: 0.38
2017-11-07 11:51:00,831 root INFO Step 300/12000: loss = 0.94; lr = 1.00e-05; 17.092 sec (per Batch); 0.1 imgs/sec
2017-11-07 11:51:03,195 root INFO       (raw)  Acc. : 1.00, xentropy: 0.00, weight_loss: 0.37
2017-11-07 11:51:03,196 root INFO    (smooth)  Acc. : 0.36, xentropy: 1.73, weight_loss: 0.38
2017-11-07 12:05:20,606 root INFO Step 400/12000: loss = 0.36; lr = 1.00e-05; 17.148 sec (per Batch); 0.1 imgs/sec
2017-11-07 12:05:23,066 root INFO       (raw)  Acc. : 1.00, xentropy: 0.00, weight_loss: 0.36
2017-11-07 12:05:23,067 root INFO    (smooth)  Acc. : 0.39, xentropy: 1.65, weight_loss: 0.38
2017-11-07 12:19:41,730 root INFO Step 500/12000: loss = 0.36; lr = 1.00e-05; 17.173 sec (per Batch); 0.1 imgs/sec
2017-11-07 12:19:44,393 root INFO       (raw)  Acc. : 1.00, xentropy: 0.00, weight_loss: 0.36
2017-11-07 12:19:44,393 root INFO    (smooth)  Acc. : 0.42, xentropy: 1.57, weight_loss: 0.38
2017-11-07 12:34:01,071 root INFO Step 600/12000: loss = 0.35; lr = 1.00e-05; 17.134 sec (per Batch); 0.1 imgs/sec
2017-11-07 12:34:03,626 root INFO       (raw)  Acc. : 1.00, xentropy: 0.00, weight_loss: 0.35
2017-11-07 12:34:03,626 root INFO    (smooth)  Acc. : 0.45, xentropy: 1.49, weight_loss: 0.38
2017-11-07 12:48:30,247 root INFO Step 700/12000: loss = 0.85; lr = 1.00e-05; 17.332 sec (per Batch); 0.1 imgs/sec
2017-11-07 12:48:32,970 root INFO       (raw)  Acc. : 1.00, xentropy: 0.00, weight_loss: 0.34
2017-11-07 12:48:32,971 root INFO    (smooth)  Acc. : 0.48, xentropy: 1.41, weight_loss: 0.37
2017-11-07 13:02:52,079 root INFO Step 800/12000: loss = 0.75; lr = 1.00e-05; 17.182 sec (per Batch); 0.1 imgs/sec
2017-11-07 13:02:54,500 root INFO       (raw)  Acc. : 0.81, xentropy: 0.50, weight_loss: 0.33
2017-11-07 13:02:54,501 root INFO    (smooth)  Acc. : 0.50, xentropy: 1.37, weight_loss: 0.37
2017-11-07 13:17:03,981 root INFO Step 900/12000: loss = 0.33; lr = 1.00e-05; 16.990 sec (per Batch); 0.1 imgs/sec
2017-11-07 13:17:06,459 root INFO       (raw)  Acc. : 1.00, xentropy: 0.00, weight_loss: 0.33
2017-11-07 13:17:06,459 root INFO    (smooth)  Acc. : 0.52, xentropy: 1.30, weight_loss: 0.37
2017-11-07 13:31:21,185 root INFO Step 1000/12000: loss = 0.52; lr = 1.00e-05; 17.095 sec (per Batch); 0.1 imgs/sec
2017-11-07 13:31:24,045 root INFO       (raw)  Acc. : 0.88, xentropy: 0.31, weight_loss: 0.32
2017-11-07 13:31:24,045 root INFO    (smooth)  Acc. : 0.54, xentropy: 1.25, weight_loss: 0.37
2017-11-07 13:45:40,759 root INFO Step 1100/12000: loss = 0.31; lr = 1.00e-05; 17.134 sec (per Batch); 0.1 imgs/sec
2017-11-07 13:45:43,409 root INFO       (raw)  Acc. : 1.00, xentropy: 0.00, weight_loss: 0.31
2017-11-07 13:45:43,410 root INFO    (smooth)  Acc. : 0.56, xentropy: 1.19, weight_loss: 0.36
2017-11-07 14:00:06,253 root INFO Step 1200/12000: loss = 0.31; lr = 1.00e-05; 17.257 sec (per Batch); 0.1 imgs/sec
2017-11-07 14:00:08,877 root INFO       (raw)  Acc. : 1.00, xentropy: 0.00, weight_loss: 0.31
2017-11-07 14:00:08,877 root INFO    (smooth)  Acc. : 0.58, xentropy: 1.13, weight_loss: 0.36
2017-11-07 14:14:28,044 root INFO Step 1300/12000: loss = 0.33; lr = 1.00e-05; 17.183 sec (per Batch); 0.1 imgs/sec
2017-11-07 14:14:30,849 root INFO       (raw)  Acc. : 1.00, xentropy: 0.00, weight_loss: 0.30
2017-11-07 14:14:30,850 root INFO    (smooth)  Acc. : 0.61, xentropy: 1.07, weight_loss: 0.36
2017-11-07 14:28:50,147 root INFO Step 1400/12000: loss = 0.29; lr = 1.00e-05; 17.186 sec (per Batch); 0.1 imgs/sec
2017-11-07 14:28:53,007 root INFO       (raw)  Acc. : 1.00, xentropy: 0.00, weight_loss: 0.29
2017-11-07 14:28:53,008 root INFO    (smooth)  Acc. : 0.62, xentropy: 1.02, weight_loss: 0.35
2017-11-07 14:43:12,475 root INFO Step 1500/12000: loss = 0.28; lr = 1.00e-05; 17.189 sec (per Batch); 0.1 imgs/sec
2017-11-07 14:43:14,853 root INFO       (raw)  Acc. : 1.00, xentropy: 0.00, weight_loss: 0.28
2017-11-07 14:43:14,853 root INFO    (smooth)  Acc. : 0.64, xentropy: 0.97, weight_loss: 0.35
2017-11-07 14:57:25,423 root INFO Step 1600/12000: loss = 0.38; lr = 1.00e-05; 17.011 sec (per Batch); 0.1 imgs/sec
2017-11-07 14:57:28,246 root INFO       (raw)  Acc. : 0.97, xentropy: 0.09, weight_loss: 0.28
2017-11-07 14:57:28,246 root INFO    (smooth)  Acc. : 0.66, xentropy: 0.92, weight_loss: 0.35
2017-11-07 15:11:40,340 root INFO Step 1700/12000: loss = 0.38; lr = 1.00e-05; 17.042 sec (per Batch); 0.1 imgs/sec
2017-11-07 15:11:43,029 root INFO       (raw)  Acc. : 0.94, xentropy: 0.14, weight_loss: 0.27
2017-11-07 15:11:43,029 root INFO    (smooth)  Acc. : 0.67, xentropy: 0.88, weight_loss: 0.34
2017-11-07 15:25:50,086 root INFO Step 1800/12000: loss = 0.27; lr = 1.00e-05; 16.941 sec (per Batch); 0.1 imgs/sec
2017-11-07 15:25:52,637 root INFO       (raw)  Acc. : 1.00, xentropy: 0.00, weight_loss: 0.27
2017-11-07 15:25:52,638 root INFO    (smooth)  Acc. : 0.69, xentropy: 0.84, weight_loss: 0.34
2017-11-07 15:40:07,581 root INFO Step 1900/12000: loss = 0.26; lr = 1.00e-05; 17.099 sec (per Batch); 0.1 imgs/sec
2017-11-07 15:40:10,417 root INFO       (raw)  Acc. : 1.00, xentropy: 0.00, weight_loss: 0.26
2017-11-07 15:40:10,417 root INFO    (smooth)  Acc. : 0.71, xentropy: 0.80, weight_loss: 0.34
2017-11-07 15:54:29,025 root INFO Step 2000/12000: loss = 0.25; lr = 1.00e-05; 17.172 sec (per Batch); 0.1 imgs/sec
2017-11-07 15:54:31,759 root INFO       (raw)  Acc. : 1.00, xentropy: 0.00, weight_loss: 0.25
2017-11-07 15:54:31,759 root INFO    (smooth)  Acc. : 0.72, xentropy: 0.76, weight_loss: 0.33
2017-11-07 16:08:45,268 root INFO Step 2100/12000: loss = 0.25; lr = 1.00e-05; 17.070 sec (per Batch); 0.1 imgs/sec
2017-11-07 16:08:47,739 root INFO       (raw)  Acc. : 1.00, xentropy: 0.00, weight_loss: 0.25
2017-11-07 16:08:47,740 root INFO    (smooth)  Acc. : 0.73, xentropy: 0.72, weight_loss: 0.33
2017-11-07 16:23:08,724 root INFO Step 2200/12000: loss = 0.24; lr = 1.00e-05; 17.220 sec (per Batch); 0.1 imgs/sec
2017-11-07 16:23:11,470 root INFO       (raw)  Acc. : 1.00, xentropy: 0.00, weight_loss: 0.24
2017-11-07 16:23:11,471 root INFO    (smooth)  Acc. : 0.75, xentropy: 0.68, weight_loss: 0.32
2017-11-07 16:37:28,488 root INFO Step 2300/12000: loss = 0.24; lr = 1.00e-05; 17.140 sec (per Batch); 0.1 imgs/sec
2017-11-07 16:37:31,240 root INFO       (raw)  Acc. : 1.00, xentropy: 0.00, weight_loss: 0.24
2017-11-07 16:37:31,241 root INFO    (smooth)  Acc. : 0.76, xentropy: 0.65, weight_loss: 0.32
2017-11-07 16:51:46,675 root INFO Step 2400/12000: loss = 0.23; lr = 1.00e-05; 17.109 sec (per Batch); 0.1 imgs/sec
2017-11-07 16:51:49,529 root INFO       (raw)  Acc. : 1.00, xentropy: 0.00, weight_loss: 0.23
2017-11-07 16:51:49,529 root INFO    (smooth)  Acc. : 0.77, xentropy: 0.62, weight_loss: 0.31
2017-11-07 17:06:05,589 root INFO Step 2500/12000: loss = 0.23; lr = 1.00e-05; 17.121 sec (per Batch); 0.1 imgs/sec
2017-11-07 17:06:08,214 root INFO       (raw)  Acc. : 1.00, xentropy: 0.00, weight_loss: 0.23
2017-11-07 17:06:08,214 root INFO    (smooth)  Acc. : 0.78, xentropy: 0.59, weight_loss: 0.31
2017-11-07 17:20:14,497 root INFO Step 2600/12000: loss = 0.29; lr = 1.00e-05; 16.926 sec (per Batch); 0.1 imgs/sec
2017-11-07 17:20:17,348 root INFO       (raw)  Acc. : 0.96, xentropy: 0.10, weight_loss: 0.22
2017-11-07 17:20:17,348 root INFO    (smooth)  Acc. : 0.79, xentropy: 0.56, weight_loss: 0.31
2017-11-07 17:34:32,016 root INFO Step 2700/12000: loss = 0.22; lr = 1.00e-05; 17.093 sec (per Batch); 0.1 imgs/sec
2017-11-07 17:34:34,859 root INFO       (raw)  Acc. : 1.00, xentropy: 0.00, weight_loss: 0.22
2017-11-07 17:34:34,859 root INFO    (smooth)  Acc. : 0.80, xentropy: 0.53, weight_loss: 0.30
2017-11-07 17:48:40,808 root INFO Step 2800/12000: loss = 0.32; lr = 1.00e-05; 16.919 sec (per Batch); 0.1 imgs/sec
2017-11-07 17:48:43,452 root INFO       (raw)  Acc. : 0.95, xentropy: 0.12, weight_loss: 0.21
2017-11-07 17:48:43,452 root INFO    (smooth)  Acc. : 0.81, xentropy: 0.51, weight_loss: 0.30
2017-11-07 18:02:55,446 root INFO Step 2900/12000: loss = 0.32; lr = 1.00e-05; 17.040 sec (per Batch); 0.1 imgs/sec
2017-11-07 18:02:58,178 root INFO       (raw)  Acc. : 1.00, xentropy: 0.00, weight_loss: 0.21
2017-11-07 18:02:58,178 root INFO    (smooth)  Acc. : 0.82, xentropy: 0.49, weight_loss: 0.29
2017-11-07 18:17:15,016 root INFO Step 3000/12000: loss = 0.24; lr = 1.00e-05; 17.137 sec (per Batch); 0.1 imgs/sec
2017-11-07 18:17:17,717 root INFO       (raw)  Acc. : 0.98, xentropy: 0.06, weight_loss: 0.20
2017-11-07 18:17:17,717 root INFO    (smooth)  Acc. : 0.83, xentropy: 0.47, weight_loss: 0.29
2017-11-07 18:31:34,355 root INFO Step 3100/12000: loss = 0.20; lr = 1.00e-05; 17.133 sec (per Batch); 0.1 imgs/sec
2017-11-07 18:31:37,058 root INFO       (raw)  Acc. : 1.00, xentropy: 0.00, weight_loss: 0.20
2017-11-07 18:31:37,059 root INFO    (smooth)  Acc. : 0.84, xentropy: 0.44, weight_loss: 0.28
2017-11-07 18:46:04,355 root INFO Step 3200/12000: loss = 0.19; lr = 1.00e-05; 17.346 sec (per Batch); 0.1 imgs/sec
2017-11-07 18:46:07,219 root INFO       (raw)  Acc. : 1.00, xentropy: 0.00, weight_loss: 0.19
2017-11-07 18:46:07,220 root INFO    (smooth)  Acc. : 0.84, xentropy: 0.42, weight_loss: 0.28
2017-11-07 19:00:31,498 root INFO Step 3300/12000: loss = 0.19; lr = 1.00e-05; 17.286 sec (per Batch); 0.1 imgs/sec
2017-11-07 19:00:33,903 root INFO       (raw)  Acc. : 0.95, xentropy: 0.09, weight_loss: 0.19
2017-11-07 19:00:33,903 root INFO    (smooth)  Acc. : 0.85, xentropy: 0.40, weight_loss: 0.27
2017-11-07 19:15:05,634 root INFO Step 3400/12000: loss = 0.19; lr = 1.00e-05; 17.435 sec (per Batch); 0.1 imgs/sec
2017-11-07 19:15:08,145 root INFO       (raw)  Acc. : 1.00, xentropy: 0.00, weight_loss: 0.19
2017-11-07 19:15:08,145 root INFO    (smooth)  Acc. : 0.86, xentropy: 0.38, weight_loss: 0.27
2017-11-07 19:29:27,736 root INFO Step 3500/12000: loss = 0.18; lr = 1.00e-05; 17.192 sec (per Batch); 0.1 imgs/sec
2017-11-07 19:29:30,490 root INFO       (raw)  Acc. : 0.97, xentropy: 0.10, weight_loss: 0.18
2017-11-07 19:29:30,491 root INFO    (smooth)  Acc. : 0.86, xentropy: 0.37, weight_loss: 0.27
2017-11-07 19:44:03,414 root INFO Step 3600/12000: loss = 0.21; lr = 1.00e-05; 17.458 sec (per Batch); 0.1 imgs/sec
2017-11-07 19:44:06,084 root INFO       (raw)  Acc. : 0.99, xentropy: 0.03, weight_loss: 0.18
2017-11-07 19:44:06,084 root INFO    (smooth)  Acc. : 0.87, xentropy: 0.35, weight_loss: 0.26
2017-11-07 19:58:32,430 root INFO Step 3700/12000: loss = 0.18; lr = 1.00e-05; 17.327 sec (per Batch); 0.1 imgs/sec
2017-11-07 19:58:35,316 root INFO       (raw)  Acc. : 1.00, xentropy: 0.00, weight_loss: 0.18
2017-11-07 19:58:35,317 root INFO    (smooth)  Acc. : 0.88, xentropy: 0.34, weight_loss: 0.26
2017-11-07 20:12:56,306 root INFO Step 3800/12000: loss = 0.22; lr = 1.00e-05; 17.220 sec (per Batch); 0.1 imgs/sec
2017-11-07 20:12:58,703 root INFO       (raw)  Acc. : 0.99, xentropy: 0.04, weight_loss: 0.17
2017-11-07 20:12:58,704 root INFO    (smooth)  Acc. : 0.88, xentropy: 0.32, weight_loss: 0.25
2017-11-07 20:27:24,611 root INFO Step 3900/12000: loss = 0.32; lr = 1.00e-05; 17.318 sec (per Batch); 0.1 imgs/sec
2017-11-07 20:27:27,455 root INFO       (raw)  Acc. : 0.95, xentropy: 0.11, weight_loss: 0.17
2017-11-07 20:27:27,455 root INFO    (smooth)  Acc. : 0.88, xentropy: 0.31, weight_loss: 0.25
2017-11-07 20:41:48,283 root INFO Step 4000/12000: loss = 0.21; lr = 1.00e-05; 17.217 sec (per Batch); 0.1 imgs/sec
2017-11-07 20:41:51,125 root INFO       (raw)  Acc. : 0.99, xentropy: 0.03, weight_loss: 0.17
2017-11-07 20:41:51,125 root INFO    (smooth)  Acc. : 0.89, xentropy: 0.30, weight_loss: 0.25
2017-11-07 20:56:02,426 root INFO Step 4100/12000: loss = 0.23; lr = 1.00e-05; 17.026 sec (per Batch); 0.1 imgs/sec
2017-11-07 20:56:05,281 root INFO       (raw)  Acc. : 1.00, xentropy: 0.00, weight_loss: 0.16
2017-11-07 20:56:05,281 root INFO    (smooth)  Acc. : 0.90, xentropy: 0.28, weight_loss: 0.24
2017-11-07 21:10:13,147 root INFO Step 4200/12000: loss = 0.21; lr = 1.00e-05; 16.957 sec (per Batch); 0.1 imgs/sec
2017-11-07 21:10:15,572 root INFO       (raw)  Acc. : 0.98, xentropy: 0.06, weight_loss: 0.16
2017-11-07 21:10:15,572 root INFO    (smooth)  Acc. : 0.90, xentropy: 0.27, weight_loss: 0.24
2017-11-07 21:24:31,843 root INFO Step 4300/12000: loss = 0.21; lr = 1.00e-05; 17.125 sec (per Batch); 0.1 imgs/sec
2017-11-07 21:24:34,200 root INFO       (raw)  Acc. : 0.98, xentropy: 0.06, weight_loss: 0.16
2017-11-07 21:24:34,200 root INFO    (smooth)  Acc. : 0.90, xentropy: 0.26, weight_loss: 0.23
2017-11-07 21:38:49,884 root INFO Step 4400/12000: loss = 0.28; lr = 1.00e-05; 17.114 sec (per Batch); 0.1 imgs/sec
2017-11-07 21:38:52,260 root INFO       (raw)  Acc. : 0.94, xentropy: 0.13, weight_loss: 0.15
2017-11-07 21:38:52,260 root INFO    (smooth)  Acc. : 0.91, xentropy: 0.25, weight_loss: 0.23
2017-11-07 21:53:04,765 root INFO Step 4500/12000: loss = 0.20; lr = 1.00e-05; 17.050 sec (per Batch); 0.1 imgs/sec
2017-11-07 21:53:07,469 root INFO       (raw)  Acc. : 1.00, xentropy: 0.00, weight_loss: 0.15
2017-11-07 21:53:07,470 root INFO    (smooth)  Acc. : 0.91, xentropy: 0.24, weight_loss: 0.23
2017-11-07 22:07:13,587 root INFO Step 4600/12000: loss = 0.17; lr = 1.00e-05; 16.922 sec (per Batch); 0.1 imgs/sec
2017-11-07 22:07:16,427 root INFO       (raw)  Acc. : 0.99, xentropy: 0.02, weight_loss: 0.15
2017-11-07 22:07:16,428 root INFO    (smooth)  Acc. : 0.91, xentropy: 0.23, weight_loss: 0.22
2017-11-07 22:21:30,999 root INFO Step 4700/12000: loss = 0.15; lr = 1.00e-05; 17.091 sec (per Batch); 0.1 imgs/sec
2017-11-07 22:21:33,372 root INFO       (raw)  Acc. : 1.00, xentropy: 0.00, weight_loss: 0.15
2017-11-07 22:21:33,373 root INFO    (smooth)  Acc. : 0.92, xentropy: 0.22, weight_loss: 0.22
2017-11-07 22:35:52,280 root INFO Step 4800/12000: loss = 0.14; lr = 1.00e-05; 17.178 sec (per Batch); 0.1 imgs/sec
2017-11-07 22:35:54,668 root INFO       (raw)  Acc. : 1.00, xentropy: 0.00, weight_loss: 0.14
2017-11-07 22:35:54,669 root INFO    (smooth)  Acc. : 0.92, xentropy: 0.21, weight_loss: 0.21
2017-11-07 22:50:10,832 root INFO Step 4900/12000: loss = 0.29; lr = 1.00e-05; 17.123 sec (per Batch); 0.1 imgs/sec
2017-11-07 22:50:13,145 root INFO       (raw)  Acc. : 1.00, xentropy: 0.00, weight_loss: 0.14
2017-11-07 22:50:13,146 root INFO    (smooth)  Acc. : 0.93, xentropy: 0.20, weight_loss: 0.21
2017-11-07 23:04:32,354 root INFO Step 5000/12000: loss = 0.70; lr = 1.00e-05; 17.184 sec (per Batch); 0.1 imgs/sec
2017-11-07 23:04:34,737 root INFO       (raw)  Acc. : 0.61, xentropy: 1.43, weight_loss: 0.14
2017-11-07 23:04:34,737 root INFO    (smooth)  Acc. : 0.91, xentropy: 0.26, weight_loss: 0.21
2017-11-07 23:18:43,007 root INFO Step 5100/12000: loss = 0.21; lr = 1.00e-05; 16.965 sec (per Batch); 0.1 imgs/sec
2017-11-07 23:18:45,666 root INFO       (raw)  Acc. : 1.00, xentropy: 0.00, weight_loss: 0.14
2017-11-07 23:18:45,666 root INFO    (smooth)  Acc. : 0.92, xentropy: 0.25, weight_loss: 0.20
2017-11-07 23:32:53,117 root INFO Step 5200/12000: loss = 0.13; lr = 1.00e-05; 16.949 sec (per Batch); 0.1 imgs/sec
2017-11-07 23:32:55,748 root INFO       (raw)  Acc. : 1.00, xentropy: 0.00, weight_loss: 0.13
2017-11-07 23:32:55,748 root INFO    (smooth)  Acc. : 0.92, xentropy: 0.23, weight_loss: 0.20
2017-11-07 23:47:11,367 root INFO Step 5300/12000: loss = 0.13; lr = 1.00e-05; 17.112 sec (per Batch); 0.1 imgs/sec
2017-11-07 23:47:13,985 root INFO       (raw)  Acc. : 1.00, xentropy: 0.00, weight_loss: 0.13
2017-11-07 23:47:13,985 root INFO    (smooth)  Acc. : 0.92, xentropy: 0.22, weight_loss: 0.20
2017-11-08 00:01:20,705 root INFO Step 5400/12000: loss = 0.22; lr = 1.00e-05; 16.934 sec (per Batch); 0.1 imgs/sec
2017-11-08 00:01:23,410 root INFO       (raw)  Acc. : 0.97, xentropy: 0.08, weight_loss: 0.13
2017-11-08 00:01:23,411 root INFO    (smooth)  Acc. : 0.93, xentropy: 0.21, weight_loss: 0.19
2017-11-08 00:15:29,434 root INFO Step 5500/12000: loss = 0.13; lr = 1.00e-05; 16.920 sec (per Batch); 0.1 imgs/sec
2017-11-08 00:15:31,863 root INFO       (raw)  Acc. : 1.00, xentropy: 0.00, weight_loss: 0.13
2017-11-08 00:15:31,863 root INFO    (smooth)  Acc. : 0.93, xentropy: 0.20, weight_loss: 0.19
2017-11-08 00:29:42,026 root INFO Step 5600/12000: loss = 0.13; lr = 1.00e-05; 17.003 sec (per Batch); 0.1 imgs/sec
2017-11-08 00:29:44,628 root INFO       (raw)  Acc. : 1.00, xentropy: 0.00, weight_loss: 0.13
2017-11-08 00:29:44,628 root INFO    (smooth)  Acc. : 0.93, xentropy: 0.19, weight_loss: 0.19
2017-11-08 00:44:00,495 root INFO Step 5700/12000: loss = 0.12; lr = 1.00e-05; 17.117 sec (per Batch); 0.1 imgs/sec
2017-11-08 00:44:03,186 root INFO       (raw)  Acc. : 0.98, xentropy: 0.05, weight_loss: 0.12
2017-11-08 00:44:03,186 root INFO    (smooth)  Acc. : 0.93, xentropy: 0.19, weight_loss: 0.18
2017-11-08 00:58:04,243 root INFO Step 5800/12000: loss = 0.12; lr = 1.00e-05; 16.821 sec (per Batch); 0.1 imgs/sec
2017-11-08 00:58:06,885 root INFO       (raw)  Acc. : 1.00, xentropy: 0.00, weight_loss: 0.12
2017-11-08 00:58:06,885 root INFO    (smooth)  Acc. : 0.94, xentropy: 0.18, weight_loss: 0.18
2017-11-08 01:12:09,019 root INFO Step 5900/12000: loss = 0.13; lr = 1.00e-05; 16.843 sec (per Batch); 0.1 imgs/sec
2017-11-08 01:12:11,569 root INFO       (raw)  Acc. : 1.00, xentropy: 0.00, weight_loss: 0.12
2017-11-08 01:12:11,569 root INFO    (smooth)  Acc. : 0.94, xentropy: 0.17, weight_loss: 0.18
2017-11-08 01:26:15,831 root INFO Step 6000/12000: loss = 0.12; lr = 1.00e-05; 16.885 sec (per Batch); 0.1 imgs/sec
2017-11-08 01:26:18,654 root INFO       (raw)  Acc. : 1.00, xentropy: 0.00, weight_loss: 0.12
2017-11-08 01:26:18,654 root INFO    (smooth)  Acc. : 0.94, xentropy: 0.16, weight_loss: 0.17
2017-11-08 01:40:32,063 root INFO Step 6100/12000: loss = 0.12; lr = 1.00e-05; 17.068 sec (per Batch); 0.1 imgs/sec
2017-11-08 01:40:34,890 root INFO       (raw)  Acc. : 1.00, xentropy: 0.00, weight_loss: 0.12
2017-11-08 01:40:34,891 root INFO    (smooth)  Acc. : 0.95, xentropy: 0.15, weight_loss: 0.17
2017-11-08 01:54:47,219 root INFO Step 6200/12000: loss = 0.15; lr = 1.00e-05; 17.047 sec (per Batch); 0.1 imgs/sec
2017-11-08 01:54:50,044 root INFO       (raw)  Acc. : 0.99, xentropy: 0.03, weight_loss: 0.12
2017-11-08 01:54:50,044 root INFO    (smooth)  Acc. : 0.95, xentropy: 0.15, weight_loss: 0.17
2017-11-08 02:08:56,025 root INFO Step 6300/12000: loss = 0.19; lr = 1.00e-05; 16.920 sec (per Batch); 0.1 imgs/sec
2017-11-08 02:08:58,315 root INFO       (raw)  Acc. : 0.97, xentropy: 0.09, weight_loss: 0.11
2017-11-08 02:08:58,315 root INFO    (smooth)  Acc. : 0.95, xentropy: 0.14, weight_loss: 0.17
2017-11-08 02:23:13,926 root INFO Step 6400/12000: loss = 0.20; lr = 1.00e-05; 17.112 sec (per Batch); 0.1 imgs/sec
2017-11-08 02:23:16,749 root INFO       (raw)  Acc. : 0.98, xentropy: 0.08, weight_loss: 0.11
2017-11-08 02:23:16,749 root INFO    (smooth)  Acc. : 0.95, xentropy: 0.14, weight_loss: 0.16
2017-11-08 02:37:32,166 root INFO Step 6500/12000: loss = 0.11; lr = 1.00e-05; 17.108 sec (per Batch); 0.1 imgs/sec
2017-11-08 02:37:34,824 root INFO       (raw)  Acc. : 1.00, xentropy: 0.00, weight_loss: 0.11
2017-11-08 02:37:34,824 root INFO    (smooth)  Acc. : 0.95, xentropy: 0.13, weight_loss: 0.16
2017-11-08 02:51:42,714 root INFO Step 6600/12000: loss = 0.11; lr = 1.00e-05; 16.958 sec (per Batch); 0.1 imgs/sec
2017-11-08 02:51:45,354 root INFO       (raw)  Acc. : 1.00, xentropy: 0.00, weight_loss: 0.11
2017-11-08 02:51:45,354 root INFO    (smooth)  Acc. : 0.96, xentropy: 0.13, weight_loss: 0.16
2017-11-08 03:05:53,499 root INFO Step 6700/12000: loss = 0.11; lr = 1.00e-05; 16.963 sec (per Batch); 0.1 imgs/sec
2017-11-08 03:05:55,869 root INFO       (raw)  Acc. : 1.00, xentropy: 0.00, weight_loss: 0.11
2017-11-08 03:05:55,869 root INFO    (smooth)  Acc. : 0.96, xentropy: 0.12, weight_loss: 0.16
2017-11-08 03:20:14,148 root INFO Step 6800/12000: loss = 0.11; lr = 1.00e-05; 17.166 sec (per Batch); 0.1 imgs/sec
2017-11-08 03:20:16,819 root INFO       (raw)  Acc. : 1.00, xentropy: 0.00, weight_loss: 0.11
2017-11-08 03:20:16,819 root INFO    (smooth)  Acc. : 0.96, xentropy: 0.11, weight_loss: 0.15
2017-11-08 03:34:29,846 root INFO Step 6900/12000: loss = 0.11; lr = 1.00e-05; 17.061 sec (per Batch); 0.1 imgs/sec
2017-11-08 03:34:32,463 root INFO       (raw)  Acc. : 1.00, xentropy: 0.00, weight_loss: 0.11
2017-11-08 03:34:32,464 root INFO    (smooth)  Acc. : 0.96, xentropy: 0.11, weight_loss: 0.15
2017-11-08 03:48:40,448 root INFO Step 7000/12000: loss = 0.10; lr = 1.00e-05; 16.960 sec (per Batch); 0.1 imgs/sec
2017-11-08 03:48:43,187 root INFO       (raw)  Acc. : 1.00, xentropy: 0.00, weight_loss: 0.10
2017-11-08 03:48:43,188 root INFO    (smooth)  Acc. : 0.96, xentropy: 0.10, weight_loss: 0.15
2017-11-08 04:02:54,857 root INFO Step 7100/12000: loss = 0.20; lr = 1.00e-05; 17.033 sec (per Batch); 0.1 imgs/sec
2017-11-08 04:02:57,394 root INFO       (raw)  Acc. : 0.92, xentropy: 0.23, weight_loss: 0.10
2017-11-08 04:02:57,394 root INFO    (smooth)  Acc. : 0.96, xentropy: 0.11, weight_loss: 0.15
2017-11-08 04:17:06,237 root INFO Step 7200/12000: loss = 0.10; lr = 1.00e-05; 16.977 sec (per Batch); 0.1 imgs/sec
2017-11-08 04:17:09,078 root INFO       (raw)  Acc. : 1.00, xentropy: 0.00, weight_loss: 0.10
2017-11-08 04:17:09,078 root INFO    (smooth)  Acc. : 0.96, xentropy: 0.10, weight_loss: 0.14
2017-11-08 04:31:04,577 root INFO Step 7300/12000: loss = 0.10; lr = 1.00e-05; 16.710 sec (per Batch); 0.1 imgs/sec
2017-11-08 04:31:07,122 root INFO       (raw)  Acc. : 0.91, xentropy: 0.28, weight_loss: 0.10
2017-11-08 04:31:07,122 root INFO    (smooth)  Acc. : 0.96, xentropy: 0.11, weight_loss: 0.14
2017-11-08 04:45:19,538 root INFO Step 7400/12000: loss = 0.10; lr = 1.00e-05; 17.048 sec (per Batch); 0.1 imgs/sec
2017-11-08 04:45:22,370 root INFO       (raw)  Acc. : 1.00, xentropy: 0.00, weight_loss: 0.10
2017-11-08 04:45:22,370 root INFO    (smooth)  Acc. : 0.96, xentropy: 0.11, weight_loss: 0.14
2017-11-08 04:59:35,061 root INFO Step 7500/12000: loss = 0.10; lr = 1.00e-05; 17.054 sec (per Batch); 0.1 imgs/sec
2017-11-08 04:59:37,770 root INFO       (raw)  Acc. : 1.00, xentropy: 0.00, weight_loss: 0.10
2017-11-08 04:59:37,771 root INFO    (smooth)  Acc. : 0.97, xentropy: 0.10, weight_loss: 0.14
2017-11-08 05:13:56,357 root INFO Step 7600/12000: loss = 0.10; lr = 1.00e-05; 17.172 sec (per Batch); 0.1 imgs/sec
2017-11-08 05:13:59,179 root INFO       (raw)  Acc. : 1.00, xentropy: 0.01, weight_loss: 0.10
2017-11-08 05:13:59,180 root INFO    (smooth)  Acc. : 0.97, xentropy: 0.10, weight_loss: 0.14
2017-11-08 05:28:00,579 root INFO Step 7700/12000: loss = 0.21; lr = 1.00e-05; 16.828 sec (per Batch); 0.1 imgs/sec
2017-11-08 05:28:03,347 root INFO       (raw)  Acc. : 1.00, xentropy: 0.00, weight_loss: 0.10
2017-11-08 05:28:03,348 root INFO    (smooth)  Acc. : 0.97, xentropy: 0.09, weight_loss: 0.13
2017-11-08 05:42:14,171 root INFO Step 7800/12000: loss = 0.09; lr = 1.00e-05; 17.016 sec (per Batch); 0.1 imgs/sec
2017-11-08 05:42:16,998 root INFO       (raw)  Acc. : 1.00, xentropy: 0.00, weight_loss: 0.09
2017-11-08 05:42:16,999 root INFO    (smooth)  Acc. : 0.97, xentropy: 0.09, weight_loss: 0.13
2017-11-08 05:56:25,466 root INFO Step 7900/12000: loss = 0.09; lr = 1.00e-05; 16.969 sec (per Batch); 0.1 imgs/sec
2017-11-08 05:56:28,118 root INFO       (raw)  Acc. : 0.98, xentropy: 0.06, weight_loss: 0.09
2017-11-08 05:56:28,119 root INFO    (smooth)  Acc. : 0.97, xentropy: 0.09, weight_loss: 0.13
2017-11-08 06:10:37,576 root INFO Step 8000/12000: loss = 0.17; lr = 1.00e-05; 16.989 sec (per Batch); 0.1 imgs/sec
2017-11-08 06:10:40,403 root INFO       (raw)  Acc. : 0.98, xentropy: 0.07, weight_loss: 0.09
2017-11-08 06:10:40,403 root INFO    (smooth)  Acc. : 0.97, xentropy: 0.09, weight_loss: 0.13
2017-11-08 06:24:55,257 root INFO Step 8100/12000: loss = 0.22; lr = 1.00e-05; 17.097 sec (per Batch); 0.1 imgs/sec
2017-11-08 06:24:57,929 root INFO       (raw)  Acc. : 1.00, xentropy: 0.00, weight_loss: 0.09
2017-11-08 06:24:57,929 root INFO    (smooth)  Acc. : 0.97, xentropy: 0.08, weight_loss: 0.13
2017-11-08 06:39:05,397 root INFO Step 8200/12000: loss = 0.09; lr = 1.00e-05; 16.949 sec (per Batch); 0.1 imgs/sec
2017-11-08 06:39:08,025 root INFO       (raw)  Acc. : 1.00, xentropy: 0.00, weight_loss: 0.09
2017-11-08 06:39:08,026 root INFO    (smooth)  Acc. : 0.97, xentropy: 0.08, weight_loss: 0.12
2017-11-08 06:53:11,613 root INFO Step 8300/12000: loss = 0.09; lr = 1.00e-05; 16.872 sec (per Batch); 0.1 imgs/sec
2017-11-08 06:53:14,205 root INFO       (raw)  Acc. : 0.96, xentropy: 0.08, weight_loss: 0.09
2017-11-08 06:53:14,205 root INFO    (smooth)  Acc. : 0.97, xentropy: 0.08, weight_loss: 0.12
2017-11-08 07:07:24,146 root INFO Step 8400/12000: loss = 0.09; lr = 1.00e-05; 16.999 sec (per Batch); 0.1 imgs/sec
2017-11-08 07:07:26,905 root INFO       (raw)  Acc. : 1.00, xentropy: 0.00, weight_loss: 0.09
2017-11-08 07:07:26,906 root INFO    (smooth)  Acc. : 0.97, xentropy: 0.07, weight_loss: 0.12
2017-11-08 07:21:36,893 root INFO Step 8500/12000: loss = 0.96; lr = 1.00e-05; 17.000 sec (per Batch); 0.1 imgs/sec
2017-11-08 07:21:39,558 root INFO       (raw)  Acc. : 0.97, xentropy: 0.09, weight_loss: 0.09
2017-11-08 07:21:39,558 root INFO    (smooth)  Acc. : 0.97, xentropy: 0.07, weight_loss: 0.12
2017-11-08 07:35:56,849 root INFO Step 8600/12000: loss = 0.09; lr = 1.00e-05; 17.146 sec (per Batch); 0.1 imgs/sec
2017-11-08 07:35:59,578 root INFO       (raw)  Acc. : 1.00, xentropy: 0.00, weight_loss: 0.09
2017-11-08 07:35:59,578 root INFO    (smooth)  Acc. : 0.98, xentropy: 0.07, weight_loss: 0.12
2017-11-08 07:50:09,175 root INFO Step 8700/12000: loss = 0.14; lr = 1.00e-05; 16.992 sec (per Batch); 0.1 imgs/sec
2017-11-08 07:50:12,010 root INFO       (raw)  Acc. : 1.00, xentropy: 0.00, weight_loss: 0.08
2017-11-08 07:50:12,010 root INFO    (smooth)  Acc. : 0.98, xentropy: 0.07, weight_loss: 0.12
2017-11-08 08:04:18,352 root INFO Step 8800/12000: loss = 0.15; lr = 1.00e-05; 16.927 sec (per Batch); 0.1 imgs/sec
2017-11-08 08:04:21,181 root INFO       (raw)  Acc. : 0.97, xentropy: 0.08, weight_loss: 0.08
2017-11-08 08:04:21,181 root INFO    (smooth)  Acc. : 0.98, xentropy: 0.07, weight_loss: 0.11
2017-11-08 08:18:31,374 root INFO Step 8900/12000: loss = 0.08; lr = 1.00e-05; 17.004 sec (per Batch); 0.1 imgs/sec
2017-11-08 08:18:33,765 root INFO       (raw)  Acc. : 0.99, xentropy: 0.04, weight_loss: 0.08
2017-11-08 08:18:33,766 root INFO    (smooth)  Acc. : 0.98, xentropy: 0.07, weight_loss: 0.11
2017-11-08 08:32:47,755 root INFO Step 9000/12000: loss = 0.08; lr = 1.00e-05; 17.080 sec (per Batch); 0.1 imgs/sec
2017-11-08 08:32:50,136 root INFO       (raw)  Acc. : 1.00, xentropy: 0.00, weight_loss: 0.08
2017-11-08 08:32:50,137 root INFO    (smooth)  Acc. : 0.98, xentropy: 0.06, weight_loss: 0.11
2017-11-08 08:47:03,581 root INFO Step 9100/12000: loss = 0.08; lr = 1.00e-05; 17.069 sec (per Batch); 0.1 imgs/sec
2017-11-08 08:47:05,971 root INFO       (raw)  Acc. : 0.98, xentropy: 0.05, weight_loss: 0.08
2017-11-08 08:47:05,971 root INFO    (smooth)  Acc. : 0.98, xentropy: 0.06, weight_loss: 0.11
2017-11-08 09:01:13,998 root INFO Step 9200/12000: loss = 0.08; lr = 1.00e-05; 16.961 sec (per Batch); 0.1 imgs/sec
2017-11-08 09:01:16,589 root INFO       (raw)  Acc. : 1.00, xentropy: 0.00, weight_loss: 0.08
2017-11-08 09:01:16,590 root INFO    (smooth)  Acc. : 0.98, xentropy: 0.06, weight_loss: 0.11
2017-11-08 09:15:23,233 root INFO Step 9300/12000: loss = 0.11; lr = 1.00e-05; 16.933 sec (per Batch); 0.1 imgs/sec
2017-11-08 09:15:25,847 root INFO       (raw)  Acc. : 0.99, xentropy: 0.02, weight_loss: 0.08
2017-11-08 09:15:25,847 root INFO    (smooth)  Acc. : 0.98, xentropy: 0.06, weight_loss: 0.11
2017-11-08 09:29:32,449 root INFO Step 9400/12000: loss = 0.21; lr = 1.00e-05; 16.932 sec (per Batch); 0.1 imgs/sec
2017-11-08 09:29:35,088 root INFO       (raw)  Acc. : 0.96, xentropy: 0.12, weight_loss: 0.08
2017-11-08 09:29:35,089 root INFO    (smooth)  Acc. : 0.98, xentropy: 0.06, weight_loss: 0.11
2017-11-08 09:43:43,934 root INFO Step 9500/12000: loss = 0.08; lr = 1.00e-05; 16.977 sec (per Batch); 0.1 imgs/sec
2017-11-08 09:43:46,686 root INFO       (raw)  Acc. : 1.00, xentropy: 0.00, weight_loss: 0.08
2017-11-08 09:43:46,686 root INFO    (smooth)  Acc. : 0.98, xentropy: 0.06, weight_loss: 0.10
2017-11-08 09:57:54,195 root INFO Step 9600/12000: loss = 0.09; lr = 1.00e-05; 16.950 sec (per Batch); 0.1 imgs/sec
2017-11-08 09:57:56,957 root INFO       (raw)  Acc. : 1.00, xentropy: 0.00, weight_loss: 0.08
2017-11-08 09:57:56,958 root INFO    (smooth)  Acc. : 0.98, xentropy: 0.05, weight_loss: 0.10
2017-11-08 10:12:13,402 root INFO Step 9700/12000: loss = 0.16; lr = 1.00e-05; 17.129 sec (per Batch); 0.1 imgs/sec
2017-11-08 10:12:15,989 root INFO       (raw)  Acc. : 1.00, xentropy: 0.00, weight_loss: 0.08
2017-11-08 10:12:15,989 root INFO    (smooth)  Acc. : 0.98, xentropy: 0.05, weight_loss: 0.10
2017-11-08 10:26:25,246 root INFO Step 9800/12000: loss = 0.08; lr = 1.00e-05; 16.985 sec (per Batch); 0.1 imgs/sec
2017-11-08 10:26:27,903 root INFO       (raw)  Acc. : 1.00, xentropy: 0.00, weight_loss: 0.08
2017-11-08 10:26:27,904 root INFO    (smooth)  Acc. : 0.98, xentropy: 0.05, weight_loss: 0.10
2017-11-08 10:40:37,215 root INFO Step 9900/12000: loss = 0.13; lr = 1.00e-05; 16.986 sec (per Batch); 0.1 imgs/sec
2017-11-08 10:40:39,841 root INFO       (raw)  Acc. : 1.00, xentropy: 0.00, weight_loss: 0.08
2017-11-08 10:40:39,841 root INFO    (smooth)  Acc. : 0.98, xentropy: 0.05, weight_loss: 0.10
2017-11-08 10:54:48,755 root INFO Step 10000/12000: loss = 0.25; lr = 1.00e-05; 16.978 sec (per Batch); 0.1 imgs/sec
2017-11-08 10:54:51,411 root INFO       (raw)  Acc. : 0.95, xentropy: 0.12, weight_loss: 0.08
2017-11-08 10:54:51,412 root INFO    (smooth)  Acc. : 0.98, xentropy: 0.05, weight_loss: 0.10
2017-11-08 11:09:01,313 root INFO Step 10100/12000: loss = 0.08; lr = 1.00e-05; 16.998 sec (per Batch); 0.1 imgs/sec
2017-11-08 11:09:04,043 root INFO       (raw)  Acc. : 0.99, xentropy: 0.04, weight_loss: 0.08
2017-11-08 11:09:04,043 root INFO    (smooth)  Acc. : 0.98, xentropy: 0.05, weight_loss: 0.10
2017-11-08 11:23:14,229 root INFO Step 10200/12000: loss = 0.07; lr = 1.00e-05; 17.004 sec (per Batch); 0.1 imgs/sec
2017-11-08 11:23:17,015 root INFO       (raw)  Acc. : 1.00, xentropy: 0.00, weight_loss: 0.07
2017-11-08 11:23:17,015 root INFO    (smooth)  Acc. : 0.98, xentropy: 0.05, weight_loss: 0.10
2017-11-08 11:37:27,820 root INFO Step 10300/12000: loss = 0.07; lr = 1.00e-05; 17.016 sec (per Batch); 0.1 imgs/sec
2017-11-08 11:37:30,448 root INFO       (raw)  Acc. : 0.98, xentropy: 0.05, weight_loss: 0.07
2017-11-08 11:37:30,448 root INFO    (smooth)  Acc. : 0.98, xentropy: 0.05, weight_loss: 0.09
2017-11-08 11:51:34,260 root INFO Step 10400/12000: loss = 0.07; lr = 1.00e-05; 16.876 sec (per Batch); 0.1 imgs/sec
2017-11-08 11:51:37,082 root INFO       (raw)  Acc. : 1.00, xentropy: 0.00, weight_loss: 0.07
2017-11-08 11:51:37,083 root INFO    (smooth)  Acc. : 0.98, xentropy: 0.04, weight_loss: 0.09
2017-11-08 12:05:44,267 root INFO Step 10500/12000: loss = 0.13; lr = 1.00e-05; 16.944 sec (per Batch); 0.1 imgs/sec
2017-11-08 12:05:46,920 root INFO       (raw)  Acc. : 0.99, xentropy: 0.03, weight_loss: 0.07
2017-11-08 12:05:46,920 root INFO    (smooth)  Acc. : 0.98, xentropy: 0.04, weight_loss: 0.09
2017-11-08 12:19:50,358 root INFO Step 10600/12000: loss = 0.09; lr = 1.00e-05; 16.869 sec (per Batch); 0.1 imgs/sec
2017-11-08 12:19:52,801 root INFO       (raw)  Acc. : 0.98, xentropy: 0.04, weight_loss: 0.07
2017-11-08 12:19:52,801 root INFO    (smooth)  Acc. : 0.98, xentropy: 0.04, weight_loss: 0.09
2017-11-08 12:34:10,142 root INFO Step 10700/12000: loss = 0.09; lr = 1.00e-05; 17.147 sec (per Batch); 0.1 imgs/sec
2017-11-08 12:34:12,606 root INFO       (raw)  Acc. : 1.00, xentropy: 0.00, weight_loss: 0.07
2017-11-08 12:34:12,606 root INFO    (smooth)  Acc. : 0.98, xentropy: 0.04, weight_loss: 0.09
2017-11-08 12:48:23,659 root INFO Step 10800/12000: loss = 0.07; lr = 1.00e-05; 17.021 sec (per Batch); 0.1 imgs/sec
2017-11-08 12:48:26,107 root INFO       (raw)  Acc. : 1.00, xentropy: 0.00, weight_loss: 0.07
2017-11-08 12:48:26,108 root INFO    (smooth)  Acc. : 0.99, xentropy: 0.04, weight_loss: 0.09
2017-11-08 13:02:36,795 root INFO Step 10900/12000: loss = 0.07; lr = 1.00e-05; 17.014 sec (per Batch); 0.1 imgs/sec
2017-11-08 13:02:39,424 root INFO       (raw)  Acc. : 0.99, xentropy: 0.03, weight_loss: 0.07
2017-11-08 13:02:39,424 root INFO    (smooth)  Acc. : 0.99, xentropy: 0.04, weight_loss: 0.09
2017-11-08 13:16:48,588 root INFO Step 11000/12000: loss = 0.07; lr = 1.00e-05; 16.983 sec (per Batch); 0.1 imgs/sec
2017-11-08 13:16:51,215 root INFO       (raw)  Acc. : 1.00, xentropy: 0.00, weight_loss: 0.07
2017-11-08 13:16:51,216 root INFO    (smooth)  Acc. : 0.99, xentropy: 0.04, weight_loss: 0.09
2017-11-08 13:31:06,489 root INFO Step 11100/12000: loss = 0.10; lr = 1.00e-05; 17.105 sec (per Batch); 0.1 imgs/sec
2017-11-08 13:31:08,954 root INFO       (raw)  Acc. : 0.95, xentropy: 0.14, weight_loss: 0.07
2017-11-08 13:31:08,954 root INFO    (smooth)  Acc. : 0.98, xentropy: 0.04, weight_loss: 0.09
2017-11-08 13:45:18,840 root INFO Step 11200/12000: loss = 0.07; lr = 1.00e-05; 16.998 sec (per Batch); 0.1 imgs/sec
2017-11-08 13:45:21,534 root INFO       (raw)  Acc. : 1.00, xentropy: 0.00, weight_loss: 0.07
2017-11-08 13:45:21,534 root INFO    (smooth)  Acc. : 0.99, xentropy: 0.04, weight_loss: 0.09
2017-11-08 13:59:34,615 root INFO Step 11300/12000: loss = 0.07; lr = 1.00e-05; 17.062 sec (per Batch); 0.1 imgs/sec
2017-11-08 13:59:37,340 root INFO       (raw)  Acc. : 1.00, xentropy: 0.00, weight_loss: 0.07
2017-11-08 13:59:37,340 root INFO    (smooth)  Acc. : 0.99, xentropy: 0.04, weight_loss: 0.09
2017-11-08 14:13:47,452 root INFO Step 11400/12000: loss = 0.07; lr = 1.00e-05; 17.002 sec (per Batch); 0.1 imgs/sec
2017-11-08 14:13:50,275 root INFO       (raw)  Acc. : 1.00, xentropy: 0.00, weight_loss: 0.07
2017-11-08 14:13:50,276 root INFO    (smooth)  Acc. : 0.99, xentropy: 0.04, weight_loss: 0.08
2017-11-08 14:28:04,036 root INFO Step 11500/12000: loss = 0.07; lr = 1.00e-05; 17.075 sec (per Batch); 0.1 imgs/sec
2017-11-08 14:28:06,489 root INFO       (raw)  Acc. : 0.94, xentropy: 0.16, weight_loss: 0.07
2017-11-08 14:28:06,489 root INFO    (smooth)  Acc. : 0.98, xentropy: 0.04, weight_loss: 0.08
2017-11-08 14:42:10,586 root INFO Step 11600/12000: loss = 0.21; lr = 1.00e-05; 16.882 sec (per Batch); 0.1 imgs/sec
2017-11-08 14:42:12,976 root INFO       (raw)  Acc. : 0.94, xentropy: 0.14, weight_loss: 0.07
2017-11-08 14:42:12,977 root INFO    (smooth)  Acc. : 0.98, xentropy: 0.05, weight_loss: 0.08
2017-11-08 14:56:16,979 root INFO Step 11700/12000: loss = 0.12; lr = 1.00e-05; 16.880 sec (per Batch); 0.1 imgs/sec
2017-11-08 14:56:19,651 root INFO       (raw)  Acc. : 1.00, xentropy: 0.00, weight_loss: 0.07
2017-11-08 14:56:19,651 root INFO    (smooth)  Acc. : 0.98, xentropy: 0.05, weight_loss: 0.08
2017-11-08 15:10:18,028 root INFO Step 11800/12000: loss = 0.13; lr = 1.00e-05; 16.768 sec (per Batch); 0.1 imgs/sec
2017-11-08 15:10:20,694 root INFO       (raw)  Acc. : 0.98, xentropy: 0.05, weight_loss: 0.07
2017-11-08 15:10:20,695 root INFO    (smooth)  Acc. : 0.98, xentropy: 0.05, weight_loss: 0.08
2017-11-08 15:24:30,086 root INFO Step 11900/12000: loss = 0.07; lr = 1.00e-05; 16.988 sec (per Batch); 0.1 imgs/sec
2017-11-08 15:24:32,905 root INFO       (raw)  Acc. : 0.98, xentropy: 0.06, weight_loss: 0.07
2017-11-08 15:24:32,905 root INFO    (smooth)  Acc. : 0.98, xentropy: 0.05, weight_loss: 0.08
2017-11-08 15:38:46,782 root INFO Running Evaluation Script.
2017-11-08 16:26:35,618 root INFO Evaluation Finished. All results will be saved to:
2017-11-08 16:26:35,618 root INFO /home/green/AllRialtoSeg/hypes/../RUNS/KittiSeg_2017_11_07_11.07
2017-11-08 16:26:35,645 root INFO Raw Results:
2017-11-08 16:26:35,645 root INFO     [train] MaxF1 (raw)    :  96.4948 
2017-11-08 16:26:35,646 root INFO     [train] BestThresh (raw)    :  33.3333 
2017-11-08 16:26:35,646 root INFO     [train] Average Precision (raw)    :  91.9533 
2017-11-08 16:26:35,646 root INFO     [val] MaxF1 (raw)    :  97.2784 
2017-11-08 16:26:35,646 root INFO     [val] BestThresh (raw)    :  43.1373 
2017-11-08 16:26:35,646 root INFO     [val] Average Precision (raw)    :  97.6677 
2017-11-08 16:26:35,646 root INFO     Speed (msec) (raw)    :  2810.0283 
2017-11-08 16:26:35,646 root INFO     Speed (fps) (raw)    :  0.3559 
2017-11-08 16:26:35,646 root INFO Smooth Results:
2017-11-08 16:26:35,648 root INFO     [train] MaxF1 (smooth) :  96.4948 
2017-11-08 16:26:35,648 root INFO     [train] BestThresh (smooth) :  33.3333 
2017-11-08 16:26:35,648 root INFO     [train] Average Precision (smooth) :  91.9533 
2017-11-08 16:26:35,648 root INFO     [val] MaxF1 (smooth) :  97.2784 
2017-11-08 16:26:35,648 root INFO     [val] BestThresh (smooth) :  43.1373 
2017-11-08 16:26:35,648 root INFO     [val] Average Precision (smooth) :  97.6677 
2017-11-08 16:26:35,648 root INFO     Speed (msec) (smooth) :  2810.0283 
2017-11-08 16:26:35,648 root INFO     Speed (fps) (smooth) :  0.3559 
